
another visited
another visited
WARNING another visited
WARNING another visited
WARNING 2022-02-07 13:15:22,401 views 6360 20260 another visited
WARNING 2022-02-07 13:15:22,591 views 6360 20260 another visited
WARNING 2022-02-07 13:15:22,771 views 6360 20260 another visited
WARNING 2022-02-07 13:15:22,952 views 6360 20260 another visited
WARNING 2022-02-07 13:15:23,117 views 6360 20260 another visited
WARNING 2022-02-07 13:15:23,304 views 6360 20260 another visited
WARNING 2022-02-07 13:17:03,199 views 2952 20244 количество просмотров 32
WARNING 2022-02-07 13:17:03,373 views 2952 20244 количество просмотров 33
WARNING 2022-02-07 13:17:03,531 views 2952 20244 количество просмотров 34
WARNING 2022-02-07 13:17:03,696 views 2952 20244 количество просмотров 35
WARNING 2022-02-07 13:17:03,861 views 2952 20244 количество просмотров 36
WARNING 2022-02-07 13:17:04,018 views 2952 20244 количество просмотров 37
WARNING 2022-02-07 13:17:04,200 views 2952 20244 количество просмотров 38
WARNING 2022-02-07 13:18:17,181 views 18400 8648 count of visites my page: 39
WARNING 2022-02-07 13:18:17,349 views 18400 8648 count of visites my page: 40
WARNING 2022-02-07 13:18:17,528 views 18400 8648 count of visites my page: 41
WARNING 2022-02-07 13:18:17,716 views 18400 8648 count of visites my page: 42
WARNING 2022-02-07 13:18:50,993 views 18400 8648 count of visites my page: 43
WARNING 2022-02-07 13:18:51,191 views 18400 8648 count of visites my page: 44
WARNING 2022-02-07 13:18:51,362 views 18400 8648 count of visites my page: 45
WARNING 2022-02-07 13:18:51,536 views 18400 8648 count of visites my page: 46
WARNING 2022-02-07 13:18:51,691 views 18400 8648 count of visites my page: 47
WARNING 2022-02-07 13:18:51,865 views 18400 8648 count of visites my page: 48
WARNING 2022-02-07 13:19:17,842 views 11772 14060 count of  my page: 49
WARNING 2022-02-07 13:19:18,009 views 11772 14060 count of  my page: 50
WARNING 2022-02-07 13:19:18,177 views 11772 14060 count of  my page: 51
WARNING 2022-02-07 13:19:18,340 views 11772 14060 count of  my page: 52
WARNING 2022-02-07 13:20:42,575 views 21060 17516 count of  my page: 53
WARNING 2022-02-07 13:20:42,742 views 21060 17516 count of  my page: 54
WARNING 2022-02-07 13:20:42,915 views 21060 17516 count of  my page: 55
WARNING 2022-02-07 13:20:43,078 views 21060 17516 count of  my page: 56
WARNING 2022-02-07 13:20:43,251 views 21060 17516 count of  my page: 57
WARNING 2022-02-07 13:21:09,463 views 19060 14040 cваыапвп 58
WARNING 2022-02-07 13:21:10,035 views 19060 14040 cваыапвп 59
WARNING 2022-02-07 13:21:10,223 views 19060 14040 cваыапвп 60
WARNING 2022-02-07 13:21:10,388 views 19060 14040 cваыапвп 61
WARNING 2022-02-07 13:21:10,545 views 19060 14040 cваыапвп 62
WARNING 2022-02-07 13:22:35,702 views 20496 18192 new visites
WARNING 2022-02-07 13:22:35,870 views 20496 18192 new visites
WARNING 2022-02-07 13:22:36,034 views 20496 18192 new visites
WARNING 2022-02-07 13:22:36,213 views 20496 18192 new visites
WARNING 2022-02-07 13:22:36,376 views 20496 18192 new visites
WARNING new visites
WARNING new visites
WARNING new visites
WARNING new visites
WARNING new visites
WARNING new visites
WARNING new visites
WARNING new visites
WARNING new visites
WARNING new visites
WARNING new visites
WARNING new visites
WARNING new visites
WARNING 2022-02-07 13:44:02,930 views 12408 2052 new visites
WARNING 2022-02-07 13:44:05,433 views 12408 2052 new visites
WARNING 2022-02-07 13:52:15,349 views 12312 2552 new link was created
WARNING 2022-02-07 13:53:10,009 views 12312 2552 new link was created
WARNING 2022-02-07 13:53:37,510 views 12312 2552 new link was created
WARNING 2022-02-07 13:54:21,702 views 12312 2552 new link was created
WARNING 2022-02-07 13:54:26,058 views 12312 2552 new link was created
WARNING 2022-02-07 13:54:26,507 views 12312 2552 new link was created
WARNING 2022-02-07 13:54:26,718 views 12312 2552 new link was created
WARNING 2022-02-07 13:54:26,890 views 12312 2552 new link was created
WARNING 2022-02-07 13:54:27,055 views 12312 2552 new link was created
WARNING 2022-02-07 13:54:27,213 views 12312 2552 new link was created
WARNING 2022-02-07 13:54:27,377 views 12312 2552 new link was created
WARNING 2022-02-07 13:54:27,542 views 12312 2552 new link was created
WARNING 2022-02-07 13:54:27,723 views 12312 2552 new link was created
WARNING 2022-02-07 13:54:27,895 views 12312 2552 new link was created
WARNING 2022-02-07 14:00:57,405 views 16104 9776 данные пользователя обновленны
WARNING 2022-02-07 14:01:36,541 views 16104 9776 данные пользователя обновленны
WARNING 2022-02-07 14:05:24,299 views 13460 10344 данные пользователяmisha33 обновленны
WARNING 2022-02-07 14:05:28,797 views 13460 10344 данные пользователяmisha35 обновленны
WARNING 2022-02-07 14:05:57,962 views 6348 20812 данные пользователя: misha30 обновленны
WARNING 2022-02-07 14:08:29,367 views 7684 2412 Новая ссылка добавленна!
